<?xml version="1.0" encoding="UTF-8"?>
<testsuite name="toy.first.coffeediary.CoffeeDiaryApplicationTests" tests="1" skipped="0" failures="0" errors="0" timestamp="2021-12-07T13:00:17" hostname="192.168.nate.com" time="0.162">
  <properties/>
  <testcase name="contextLoads()" classname="toy.first.coffeediary.CoffeeDiaryApplicationTests" time="0.162"/>
  <system-out><![CDATA[22:00:10.593 [Test worker] DEBUG org.springframework.test.context.BootstrapUtils - Instantiating CacheAwareContextLoaderDelegate from class [org.springframework.test.context.cache.DefaultCacheAwareContextLoaderDelegate]
22:00:10.603 [Test worker] DEBUG org.springframework.test.context.BootstrapUtils - Instantiating BootstrapContext using constructor [public org.springframework.test.context.support.DefaultBootstrapContext(java.lang.Class,org.springframework.test.context.CacheAwareContextLoaderDelegate)]
22:00:10.645 [Test worker] DEBUG org.springframework.test.context.BootstrapUtils - Instantiating TestContextBootstrapper for test class [toy.first.coffeediary.CoffeeDiaryApplicationTests] from class [org.springframework.boot.test.context.SpringBootTestContextBootstrapper]
22:00:10.658 [Test worker] INFO org.springframework.boot.test.context.SpringBootTestContextBootstrapper - Neither @ContextConfiguration nor @ContextHierarchy found for test class [toy.first.coffeediary.CoffeeDiaryApplicationTests], using SpringBootContextLoader
22:00:10.664 [Test worker] DEBUG org.springframework.test.context.support.AbstractContextLoader - Did not detect default resource location for test class [toy.first.coffeediary.CoffeeDiaryApplicationTests]: class path resource [toy/first/coffeediary/CoffeeDiaryApplicationTests-context.xml] does not exist
22:00:10.667 [Test worker] DEBUG org.springframework.test.context.support.AbstractContextLoader - Did not detect default resource location for test class [toy.first.coffeediary.CoffeeDiaryApplicationTests]: class path resource [toy/first/coffeediary/CoffeeDiaryApplicationTestsContext.groovy] does not exist
22:00:10.668 [Test worker] INFO org.springframework.test.context.support.AbstractContextLoader - Could not detect default resource locations for test class [toy.first.coffeediary.CoffeeDiaryApplicationTests]: no resource found for suffixes {-context.xml, Context.groovy}.
22:00:10.669 [Test worker] INFO org.springframework.test.context.support.AnnotationConfigContextLoaderUtils - Could not detect default configuration classes for test class [toy.first.coffeediary.CoffeeDiaryApplicationTests]: CoffeeDiaryApplicationTests does not declare any static, non-private, non-final, nested classes annotated with @Configuration.
22:00:10.726 [Test worker] DEBUG org.springframework.test.context.support.ActiveProfilesUtils - Could not find an 'annotation declaring class' for annotation type [org.springframework.test.context.ActiveProfiles] and class [toy.first.coffeediary.CoffeeDiaryApplicationTests]
22:00:10.792 [Test worker] DEBUG org.springframework.context.annotation.ClassPathScanningCandidateComponentProvider - Identified candidate component class: file [/Users/mac/Desktop/spring_project/TOY_coffee_diary/build/classes/java/main/toy/first/coffeediary/CoffeeDiaryApplication.class]
22:00:10.795 [Test worker] INFO org.springframework.boot.test.context.SpringBootTestContextBootstrapper - Found @SpringBootConfiguration toy.first.coffeediary.CoffeeDiaryApplication for test class toy.first.coffeediary.CoffeeDiaryApplicationTests
22:00:10.905 [Test worker] DEBUG org.springframework.boot.test.context.SpringBootTestContextBootstrapper - @TestExecutionListeners is not present for class [toy.first.coffeediary.CoffeeDiaryApplicationTests]: using defaults.
22:00:10.905 [Test worker] INFO org.springframework.boot.test.context.SpringBootTestContextBootstrapper - Loaded default TestExecutionListener class names from location [META-INF/spring.factories]: [org.springframework.security.test.context.support.WithSecurityContextTestExecutionListener, org.springframework.security.test.context.support.ReactorContextTestExecutionListener, org.springframework.boot.test.autoconfigure.restdocs.RestDocsTestExecutionListener, org.springframework.boot.test.autoconfigure.web.client.MockRestServiceServerResetTestExecutionListener, org.springframework.boot.test.autoconfigure.web.servlet.MockMvcPrintOnlyOnFailureTestExecutionListener, org.springframework.boot.test.autoconfigure.web.servlet.WebDriverTestExecutionListener, org.springframework.boot.test.autoconfigure.webservices.client.MockWebServiceServerTestExecutionListener, org.springframework.boot.test.mock.mockito.MockitoTestExecutionListener, org.springframework.boot.test.mock.mockito.ResetMocksTestExecutionListener, org.springframework.test.context.web.ServletTestExecutionListener, org.springframework.test.context.support.DirtiesContextBeforeModesTestExecutionListener, org.springframework.test.context.event.ApplicationEventsTestExecutionListener, org.springframework.test.context.support.DependencyInjectionTestExecutionListener, org.springframework.test.context.support.DirtiesContextTestExecutionListener, org.springframework.test.context.transaction.TransactionalTestExecutionListener, org.springframework.test.context.jdbc.SqlScriptsTestExecutionListener, org.springframework.test.context.event.EventPublishingTestExecutionListener]
22:00:10.923 [Test worker] INFO org.springframework.boot.test.context.SpringBootTestContextBootstrapper - Using TestExecutionListeners: [org.springframework.test.context.web.ServletTestExecutionListener@1827a871, org.springframework.test.context.support.DirtiesContextBeforeModesTestExecutionListener@48e64352, org.springframework.test.context.event.ApplicationEventsTestExecutionListener@7249dadf, org.springframework.boot.test.mock.mockito.MockitoTestExecutionListener@4362d7df, org.springframework.boot.test.autoconfigure.SpringBootDependencyInjectionTestExecutionListener@66238be2, org.springframework.test.context.support.DirtiesContextTestExecutionListener@1c25b8a7, org.springframework.test.context.transaction.TransactionalTestExecutionListener@200606de, org.springframework.test.context.jdbc.SqlScriptsTestExecutionListener@750fe12e, org.springframework.security.test.context.support.WithSecurityContextTestExecutionListener@f8908f6, org.springframework.test.context.event.EventPublishingTestExecutionListener@3e587920, org.springframework.security.test.context.support.ReactorContextTestExecutionListener@2ef8a8c3, org.springframework.boot.test.autoconfigure.restdocs.RestDocsTestExecutionListener@24f43aa3, org.springframework.boot.test.autoconfigure.web.client.MockRestServiceServerResetTestExecutionListener@63fd4873, org.springframework.boot.test.autoconfigure.web.servlet.MockMvcPrintOnlyOnFailureTestExecutionListener@1e11bc55, org.springframework.boot.test.autoconfigure.web.servlet.WebDriverTestExecutionListener@7544a1e4, org.springframework.boot.test.autoconfigure.webservices.client.MockWebServiceServerTestExecutionListener@70e0accd, org.springframework.boot.test.mock.mockito.ResetMocksTestExecutionListener@7957dc72]
22:00:10.926 [Test worker] DEBUG org.springframework.test.context.support.AbstractDirtiesContextTestExecutionListener - Before test class: context [DefaultTestContext@38875e7d testClass = CoffeeDiaryApplicationTests, testInstance = [null], testMethod = [null], testException = [null], mergedContextConfiguration = [WebMergedContextConfiguration@1e886a5b testClass = CoffeeDiaryApplicationTests, locations = '{}', classes = '{class toy.first.coffeediary.CoffeeDiaryApplication}', contextInitializerClasses = '[]', activeProfiles = '{}', propertySourceLocations = '{}', propertySourceProperties = '{org.springframework.boot.test.context.SpringBootTestContextBootstrapper=true}', contextCustomizers = set[org.springframework.boot.test.autoconfigure.actuate.metrics.MetricsExportContextCustomizerFactory$DisableMetricExportContextCustomizer@793138bd, org.springframework.boot.test.autoconfigure.properties.PropertyMappingContextCustomizer@0, org.springframework.boot.test.autoconfigure.web.servlet.WebDriverContextCustomizerFactory$Customizer@5b1f29fa, org.springframework.boot.test.context.filter.ExcludeFilterContextCustomizer@a4ca3f6, org.springframework.boot.test.json.DuplicateJsonObjectContextCustomizerFactory$DuplicateJsonObjectContextCustomizer@45905bff, org.springframework.boot.test.mock.mockito.MockitoContextCustomizer@0, org.springframework.boot.test.web.client.TestRestTemplateContextCustomizer@13cf7d52, org.springframework.boot.test.context.SpringBootTestArgs@1, org.springframework.boot.test.context.SpringBootTestWebEnvironment@503f91c3], resourceBasePath = 'src/main/webapp', contextLoader = 'org.springframework.boot.test.context.SpringBootContextLoader', parent = [null]], attributes = map['org.springframework.test.context.web.ServletTestExecutionListener.activateListener' -> true]], class annotated with @DirtiesContext [false] with mode [null].
22:00:11.113 [Test worker] DEBUG org.springframework.boot.ApplicationServletEnvironment - Activating profiles []
22:00:11.115 [Test worker] DEBUG org.springframework.test.context.support.TestPropertySourceUtils - Adding inlined properties to environment: {spring.jmx.enabled=false, org.springframework.boot.test.context.SpringBootTestContextBootstrapper=true}

  .   ____          _            __ _ _
 /\\ / ___'_ __ _ _(_)_ __  __ _ \ \ \ \
( ( )\___ | '_ | '_| | '_ \/ _` | \ \ \ \
 \\/  ___)| |_)| | | | | || (_| |  ) ) ) )
  '  |____| .__|_| |_|_| |_\__, | / / / /
 =========|_|==============|___/=/_/_/_/
 :: Spring Boot ::                (v2.6.1)

2021-12-07 22:00:11.598  INFO 98507 --- [    Test worker] t.f.c.CoffeeDiaryApplicationTests        : Starting CoffeeDiaryApplicationTests using Java 11.0.11 on 192.168.nate.com with PID 98507 (started by mac in /Users/mac/Desktop/spring_project/TOY_coffee_diary)
2021-12-07 22:00:11.601  INFO 98507 --- [    Test worker] t.f.c.CoffeeDiaryApplicationTests        : No active profile set, falling back to default profiles: default
2021-12-07 22:00:12.750  INFO 98507 --- [    Test worker] .s.d.r.c.RepositoryConfigurationDelegate : Bootstrapping Spring Data JPA repositories in DEFAULT mode.
2021-12-07 22:00:12.824  INFO 98507 --- [    Test worker] .s.d.r.c.RepositoryConfigurationDelegate : Finished Spring Data repository scanning in 65 ms. Found 3 JPA repository interfaces.
2021-12-07 22:00:13.869  INFO 98507 --- [    Test worker] com.zaxxer.hikari.HikariDataSource       : HikariPool-1 - Starting...
2021-12-07 22:00:14.069  INFO 98507 --- [    Test worker] com.zaxxer.hikari.HikariDataSource       : HikariPool-1 - Start completed.
2021-12-07 22:00:14.187  INFO 98507 --- [    Test worker] o.hibernate.jpa.internal.util.LogHelper  : HHH000204: Processing PersistenceUnitInfo [name: default]
2021-12-07 22:00:14.242  INFO 98507 --- [    Test worker] org.hibernate.Version                    : HHH000412: Hibernate ORM core version 5.6.1.Final
2021-12-07 22:00:14.436  INFO 98507 --- [    Test worker] o.hibernate.annotations.common.Version   : HCANN000001: Hibernate Commons Annotations {5.1.2.Final}
2021-12-07 22:00:14.551  INFO 98507 --- [    Test worker] org.hibernate.dialect.Dialect            : HHH000400: Using dialect: org.hibernate.dialect.H2Dialect
Hibernate: drop table if exists diary CASCADE 
Hibernate: drop table if exists recipe CASCADE 
Hibernate: drop table if exists user CASCADE 
Hibernate: create table diary (diary_id bigint generated by default as identity, content TEXT not null, secret boolean not null, title varchar(100) not null, recipe_recipe_id bigint, user_id bigint, primary key (diary_id))
Hibernate: create table recipe (recipe_id bigint generated by default as identity, primary key (recipe_id))
Hibernate: create table user (user_id bigint generated by default as identity, nick_name varchar(20) not null, primary key (user_id))
Hibernate: alter table diary add constraint FKrjdiqaiadf8889y867xc1c82d foreign key (recipe_recipe_id) references recipe
Hibernate: alter table diary add constraint FKf0xms46ulxc36096k9gg6j9ip foreign key (user_id) references user
2021-12-07 22:00:15.200  INFO 98507 --- [    Test worker] o.h.e.t.j.p.i.JtaPlatformInitiator       : HHH000490: Using JtaPlatform implementation: [org.hibernate.engine.transaction.jta.platform.internal.NoJtaPlatform]
2021-12-07 22:00:15.208  INFO 98507 --- [    Test worker] j.LocalContainerEntityManagerFactoryBean : Initialized JPA EntityManagerFactory for persistence unit 'default'
2021-12-07 22:00:15.837  WARN 98507 --- [    Test worker] JpaBaseConfiguration$JpaWebConfiguration : spring.jpa.open-in-view is enabled by default. Therefore, database queries may be performed during view rendering. Explicitly configure spring.jpa.open-in-view to disable this warning
2021-12-07 22:00:17.570  INFO 98507 --- [    Test worker] o.s.s.web.DefaultSecurityFilterChain     : Will secure any request with [org.springframework.security.web.context.request.async.WebAsyncManagerIntegrationFilter@799557c8, org.springframework.security.web.context.SecurityContextPersistenceFilter@18ab513d, org.springframework.security.web.header.HeaderWriterFilter@5325674a, org.springframework.security.web.csrf.CsrfFilter@2e88ad38, org.springframework.security.web.authentication.logout.LogoutFilter@5478597, org.springframework.security.web.authentication.UsernamePasswordAuthenticationFilter@55ff64fd, org.springframework.security.web.authentication.ui.DefaultLoginPageGeneratingFilter@7cc7e441, org.springframework.security.web.authentication.ui.DefaultLogoutPageGeneratingFilter@1f05d08c, org.springframework.security.web.authentication.www.BasicAuthenticationFilter@6afb240d, org.springframework.security.web.savedrequest.RequestCacheAwareFilter@4d3bde85, org.springframework.security.web.servletapi.SecurityContextHolderAwareRequestFilter@f5b4ca6, org.springframework.security.web.authentication.AnonymousAuthenticationFilter@2c6d442d, org.springframework.security.web.session.SessionManagementFilter@2389f546, org.springframework.security.web.access.ExceptionTranslationFilter@5ef48b08, org.springframework.security.web.access.intercept.FilterSecurityInterceptor@224e7aa5]
2021-12-07 22:00:17.761  INFO 98507 --- [    Test worker] t.f.c.CoffeeDiaryApplicationTests        : Started CoffeeDiaryApplicationTests in 6.641 seconds (JVM running for 8.43)
]]></system-out>
  <system-err><![CDATA[]]></system-err>
</testsuite>
